ERROR Launcher:25 - Client exception occurred!
by.epam.training.jwd.task04.client.controller.exception.ControllerException: Controller exception was occurred.
	at by.epam.training.jwd.task04.client.controller.Controller.startServer(Controller.java:141)
	at by.epam.training.jwd.task04.client.Launcher.main(Launcher.java:23)
Caused by: java.net.ConnectException: Connection refused: connect
	at java.base/java.net.PlainSocketImpl.connect0(Native Method)
	at java.base/java.net.PlainSocketImpl.socketConnect(PlainSocketImpl.java:101)
	at java.base/java.net.AbstractPlainSocketImpl.doConnect(AbstractPlainSocketImpl.java:399)
	at java.base/java.net.AbstractPlainSocketImpl.connectToAddress(AbstractPlainSocketImpl.java:242)
	at java.base/java.net.AbstractPlainSocketImpl.connect(AbstractPlainSocketImpl.java:224)
	at java.base/java.net.SocksSocketImpl.connect(SocksSocketImpl.java:403)
	at java.base/java.net.Socket.connect(Socket.java:591)
	at java.base/java.net.Socket.connect(Socket.java:540)
	at java.base/java.net.Socket.<init>(Socket.java:436)
	at java.base/java.net.Socket.<init>(Socket.java:213)
	at by.epam.training.jwd.task04.client.controller.Controller.startServer(Controller.java:35)
	... 1 more
ERROR Launcher:25 - Client exception occurred!
by.epam.training.jwd.task04.client.controller.exception.ControllerException: Controller exception was occurred.
	at by.epam.training.jwd.task04.client.controller.Controller.startServer(Controller.java:143)
	at by.epam.training.jwd.task04.client.Launcher.main(Launcher.java:23)
Caused by: java.net.ConnectException: Connection refused: connect
	at java.base/java.net.PlainSocketImpl.connect0(Native Method)
	at java.base/java.net.PlainSocketImpl.socketConnect(PlainSocketImpl.java:101)
	at java.base/java.net.AbstractPlainSocketImpl.doConnect(AbstractPlainSocketImpl.java:399)
	at java.base/java.net.AbstractPlainSocketImpl.connectToAddress(AbstractPlainSocketImpl.java:242)
	at java.base/java.net.AbstractPlainSocketImpl.connect(AbstractPlainSocketImpl.java:224)
	at java.base/java.net.SocksSocketImpl.connect(SocksSocketImpl.java:403)
	at java.base/java.net.Socket.connect(Socket.java:591)
	at java.base/java.net.Socket.connect(Socket.java:540)
	at java.base/java.net.Socket.<init>(Socket.java:436)
	at java.base/java.net.Socket.<init>(Socket.java:213)
	at by.epam.training.jwd.task04.client.controller.Controller.startServer(Controller.java:37)
	... 1 more
